make[2]: Entering directory '/home/cs2400/csci-2400-labs-exams-extras/CU-labs/shlab-in-c++/src'
./sdriver.pl -t trace01.txt -s ./tsh -a "-p"
#
# trace01.txt - Properly terminate on EOF.
#
./sdriver.pl -t trace02.txt -s ./tsh -a "-p"
#
# trace02.txt - Process builtin quit command.
#
./sdriver.pl -t trace03.txt -s ./tsh -a "-p"
#
# trace03.txt - Run a foreground job.
#
tsh> quit
./sdriver.pl -t trace04.txt -s ./tsh -a "-p"
#
# trace04.txt - Run a background job.
#
tsh> ./myspin 1 &
[1] (5500) ./myspin 1 &
./myspin: Command not found
./sdriver.pl -t trace05.txt -s ./tsh -a "-p"
#
# trace05.txt - Process jobs builtin command.
#
tsh> ./myspin 2 &
[1] (5505) ./myspin 2 &
./myspin: Command not found
tsh> ./myspin 3 &
[1] (5507) ./myspin 3 &
./myspin: Command not found
tsh> jobs
./sdriver.pl -t trace06.txt -s ./tsh -a "-p"
#
# trace06.txt - Forward SIGINT to foreground job.
#
tsh> ./myspin 4
./myspin: Command not found
./sdriver.pl -t trace07.txt -s ./tsh -a "-p"
#
# trace07.txt - Forward SIGINT only to foreground job.
#
tsh> ./myspin 4 &
[1] (5520) ./myspin 4 &
./myspin: Command not found
tsh> ./myspin 5
./myspin: Command not found
tsh> jobs
./sdriver.pl -t trace08.txt -s ./tsh -a "-p"
#
# trace08.txt - Forward SIGTSTP only to foreground job.
#
tsh> ./myspin 4 &
[1] (5528) ./myspin 4 &
./myspin: Command not found
tsh> ./myspin 5
./myspin: Command not found
tsh> jobs
./sdriver.pl -t trace09.txt -s ./tsh -a "-p"
#
# trace09.txt - Process bg builtin command
#
tsh> ./myspin 4 &
[1] (5536) ./myspin 4 &
./myspin: Command not found
tsh> ./myspin 5
./myspin: Command not found
tsh> jobs
tsh> bg %2
%2: No such job
tsh> jobs
./sdriver.pl -t trace10.txt -s ./tsh -a "-p"
#
# trace10.txt - Process fg builtin command. 
#
tsh> ./myspin 4 &
[1] (5548) ./myspin 4 &
./myspin: Command not found
tsh> fg %1
%1: No such job
tsh> jobs
tsh> fg %1
%1: No such job
tsh> jobs
./sdriver.pl -t trace11.txt -s ./tsh -a "-p"
#
# trace11.txt - Forward SIGINT to every process in foreground process group
#
tsh> ./mysplit 4
./mysplit: Command not found
tsh> /bin/ps a
  PID TTY      STAT   TIME COMMAND
 1159 tty1     Ss+    0:00 /sbin/agetty --noclear tty1 linux
 1166 ttyS0    Ss+    0:00 /sbin/agetty --keep-baud 115200 38400 9600 ttyS0 vt220
 5465 pts/1    S+     0:00 make
 5469 pts/1    S+     0:00 /bin/sh -c (cd src; make)
 5470 pts/1    S+     0:00 make
 5484 pts/1    S+     0:00 /bin/sh -c make tests > tshref.out 2>&1
 5485 pts/1    S+     0:00 make tests
 5574 pts/1    S+     0:00 /bin/sh -c ./sdriver.pl -t trace11.txt -s ./tsh -a "-p"
 5575 pts/1    S+     0:00 /usr/bin/perl ./sdriver.pl -t trace11.txt -s ./tsh -a -p
 5576 pts/1    S+     0:00 ./tsh -p
 5582 pts/1    R      0:00 /bin/ps a
27203 pts/0    Ss     0:00 -bash
27223 pts/0    Sl+    0:05 emacs
28798 pts/1    Ss     0:00 /bin/bash --noediting -i
./sdriver.pl -t trace12.txt -s ./tsh -a "-p"
#
# trace12.txt - Forward SIGTSTP to every process in foreground process group
#
tsh> ./mysplit 4
./mysplit: Command not found
tsh> jobs
tsh> /bin/ps a
  PID TTY      STAT   TIME COMMAND
 1159 tty1     Ss+    0:00 /sbin/agetty --noclear tty1 linux
 1166 ttyS0    Ss+    0:00 /sbin/agetty --keep-baud 115200 38400 9600 ttyS0 vt220
 5465 pts/1    S+     0:00 make
 5469 pts/1    S+     0:00 /bin/sh -c (cd src; make)
 5470 pts/1    S+     0:00 make
 5484 pts/1    S+     0:00 /bin/sh -c make tests > tshref.out 2>&1
 5485 pts/1    S+     0:00 make tests
 5583 pts/1    S+     0:00 /bin/sh -c ./sdriver.pl -t trace12.txt -s ./tsh -a "-p"
 5584 pts/1    S+     0:00 /usr/bin/perl ./sdriver.pl -t trace12.txt -s ./tsh -a -p
 5585 pts/1    S+     0:00 ./tsh -p
 5667 pts/1    R      0:00 /bin/ps a
27203 pts/0    Ss     0:00 -bash
27223 pts/0    Sl+    0:05 emacs
28798 pts/1    Ss     0:00 /bin/bash --noediting -i
./sdriver.pl -t trace13.txt -s ./tsh -a "-p"
#
# trace13.txt - Restart every stopped process in process group
#
tsh> ./mysplit 4
./mysplit: Command not found
tsh> jobs
tsh> /bin/ps a
  PID TTY      STAT   TIME COMMAND
 1159 tty1     Ss+    0:00 /sbin/agetty --noclear tty1 linux
 1166 ttyS0    Ss+    0:00 /sbin/agetty --keep-baud 115200 38400 9600 ttyS0 vt220
 5465 pts/1    S+     0:00 make
 5469 pts/1    S+     0:00 /bin/sh -c (cd src; make)
 5470 pts/1    S+     0:00 make
 5484 pts/1    S+     0:00 /bin/sh -c make tests > tshref.out 2>&1
 5485 pts/1    S+     0:00 make tests
 5668 pts/1    S+     0:00 /bin/sh -c ./sdriver.pl -t trace13.txt -s ./tsh -a "-p"
 5669 pts/1    S+     0:00 /usr/bin/perl ./sdriver.pl -t trace13.txt -s ./tsh -a -p
 5670 pts/1    S+     0:00 ./tsh -p
 5677 pts/1    R      0:00 /bin/ps a
27203 pts/0    Ss     0:00 -bash
27223 pts/0    Sl+    0:05 emacs
28798 pts/1    Ss     0:00 /bin/bash --noediting -i
tsh> fg %1
%1: No such job
tsh> /bin/ps a
  PID TTY      STAT   TIME COMMAND
 1159 tty1     Ss+    0:00 /sbin/agetty --noclear tty1 linux
 1166 ttyS0    Ss+    0:00 /sbin/agetty --keep-baud 115200 38400 9600 ttyS0 vt220
 5465 pts/1    S+     0:00 make
 5469 pts/1    S+     0:00 /bin/sh -c (cd src; make)
 5470 pts/1    S+     0:00 make
 5484 pts/1    S+     0:00 /bin/sh -c make tests > tshref.out 2>&1
 5485 pts/1    S+     0:00 make tests
 5668 pts/1    S+     0:00 /bin/sh -c ./sdriver.pl -t trace13.txt -s ./tsh -a "-p"
 5669 pts/1    S+     0:00 /usr/bin/perl ./sdriver.pl -t trace13.txt -s ./tsh -a -p
 5670 pts/1    S+     0:00 ./tsh -p
 5680 pts/1    R      0:00 /bin/ps a
27203 pts/0    Ss     0:00 -bash
27223 pts/0    Sl+    0:05 emacs
28798 pts/1    Ss     0:00 /bin/bash --noediting -i
./sdriver.pl -t trace14.txt -s ./tsh -a "-p"
#
# trace14.txt - Simple error handling
#
tsh> ./bogus
./bogus: Command not found
tsh> ./myspin 4 &
[1] (5687) ./myspin 4 &
./myspin: Command not found
tsh> fg
fg command requires PID or %jobid argument
tsh> bg
bg command requires PID or %jobid argument
tsh> fg a
fg: argument must be a PID or %jobid
tsh> bg a
bg: argument must be a PID or %jobid
tsh> fg 9999999
(9999999): No such process
tsh> bg 9999999
(9999999): No such process
tsh> fg %2
%2: No such job
tsh> fg %1
%1: No such job
tsh> bg %2
%2: No such job
tsh> bg %1
%1: No such job
tsh> jobs
./sdriver.pl -t trace15.txt -s ./tsh -a "-p"
#
# trace15.txt - Putting it all together
#
tsh> ./bogus
./bogus: Command not found
tsh> ./myspin 10
./myspin: Command not found
tsh> ./myspin 3 &
[1] (5708) ./myspin 3 &
./myspin: Command not found
tsh> ./myspin 4 &
[1] (5710) ./myspin 4 &
./myspin: Command not found
tsh> jobs
tsh> fg %1
%1: No such job
tsh> jobs
tsh> bg %3
%3: No such job
tsh> bg %1
%1: No such job
tsh> jobs
tsh> fg %1
%1: No such job
tsh> quit
./sdriver.pl -t trace16.txt -s ./tsh -a "-p"
#
# trace16.txt - Tests whether the shell can handle SIGTSTP and SIGINT
#     signals that come from other processes instead of the terminal.
#
tsh> ./mystop 2
./mystop: Command not found
tsh> jobs
tsh> ./myint 2
./myint: Command not found
make[2]: Leaving directory '/home/cs2400/csci-2400-labs-exams-extras/CU-labs/shlab-in-c++/src'
